Arguments: 
  /home/midhun/.nvm/versions/node/v16.14.0/bin/node /usr/local/bin/yarn add express dotenv

PATH: 
  /home/midhun/.nvm/versions/node/v16.14.0/bin:/usr/local/sbin:/usr/local/bin:/usr/sbin:/usr/bin:/sbin:/bin:/usr/games:/usr/local/games:/snap/bin

Yarn version: 
  1.22.19

Node version: 
  16.14.0

Platform: 
  linux x64

Trace: 
  Error: self signed certificate in certificate chain
      at TLSSocket.onConnectSecure (node:_tls_wrap:1530:34)
      at TLSSocket.emit (node:events:520:28)
      at TLSSocket._finishInit (node:_tls_wrap:944:8)
      at TLSWrap.ssl.onhandshakedone (node:_tls_wrap:725:12)

npm manifest: 
  {
    "name": "BFF",
    "version": "1.0.0",
    "main": "index.js",
    "license": "MIT"
  }

yarn manifest: 
  No manifest

Lockfile: 
  No lockfile
